# codeArbiter override log — append-only audit artifact. Never edit or delete prior lines.
# Format: [ISO-8601] | BY: <name> <<email>> | GATE: <gate bypassed> | REASON: <reason>
# Written only by /override. The statusline counts non-comment lines after the
# last-checkpoint marker as "overrides since last checkpoint."
[2026-06-13T14:25:05Z] | BY: SUaDtL@users.noreply.github.com | OVERRIDE: H-02 force-push | REASON: rebase onto origin/main to resolve add/add conflicts on feature branch checkpoint-remediation-2026-06-12; no commits lost, all 4 sprint SHAs rebased cleanly, 225+56 tests green
[2026-06-23T18:48:12Z] | BY: SUaDtL@users.noreply.github.com | OVERRIDE: release Phase-1 CHANGELOG-footer BLOCK | REASON: #125 squash-merged with no CHANGELOG: footers on its fix(release)/fix(hooks) commits; changelog 2.5.1 section composed verbatim from those commit bodies (no user-visible change dropped) and shown for review before commit. Also corrects the over-bump: ca-scoped derivation is patch 2.5.1, plugin.json was over-bumped to 2.6.0 (feat(site) is not a ca-payload change).
2026-06-27T12:48:36Z | BY: SUaDtL@users.noreply.github.com | DEV: enter | NOTE: rewrite mis-set author email on two early commits to canonical identity
[2026-06-27T13:09:42Z] | BY: session-cleanup | DEV: exit | NOTE: cleared by SessionStart (prior session ended mid-dev without /ca:arbiter)
2026-06-27T13:12:15Z | BY: SUaDtL@users.noreply.github.com | DEV: exit
2026-07-01T20:37:07Z | BY: SUaDtL@users.noreply.github.com | DEV: enter | NOTE: —
2026-07-01T22:48:00Z | BY: SUaDtL@users.noreply.github.com | DEV: exit
2026-07-01T22:57:12Z | BY: SUaDtL@users.noreply.github.com | DEV: enter | NOTE: investigate H-09b hook false-block on commit
2026-07-01T23:15:48Z | BY: SUaDtL@users.noreply.github.com | DEV: exit
2026-07-01T23:50:59Z | BY: SUaDtL@users.noreply.github.com | DEV: enter | NOTE: fix flaky H-09b hook read failure
2026-07-01T23:53:33Z | BY: SUaDtL@users.noreply.github.com | DEV: exit
2026-07-01T23:56:01Z | BY: SUaDtL@users.noreply.github.com | SECURITY-OVERRIDE | FINDING: H-09b flagged MD5 mention in plugins/ca/skills/tribunal/references/lenses/secrets-supply.md:7 (checklist prose, not operational use; auth-crypto-reviewer confirmed PASS, security-gate-passed marker recorded and fresh) | REASON: hook's own diff-read step intermittently fails to complete (confirmed non-deterministic subprocess timeout in pre-bash.py, not a content finding), blocking an already-reviewed commit; root-cause fix deferred to a desktop session for interactive review of the security-hook edit
[2026-07-01T20:56:02-04:00] | BY: SUaDtL@users.noreply.github.com | DEV: enter | NOTE: —
2026-07-02T02:05:20Z | BY: SUaDtL@users.noreply.github.com | DEV: exit
[2026-07-12T07:43:41Z] | BY: SUaDtL@users.noreply.github.com | SECURITY-OVERRIDE | FINDING: deleting stash@{0} permanently discards its only stashed copy of the 10-line plugins/ca/hooks/_hooklib.py project_root change | REASON: current main supersedes the stashed project_root behavior through the host-abstraction seam; user explicitly acknowledged the permanent loss and requested deletion
[2026-07-13T03:10:56Z] | BY: SUaDtL@users.noreply.github.com | GATE: H-05 append-only audit-log repair | REASON: restore sprint-log historical line endings; preserve content and stage only append-only sprint records
[2026-07-16T17:05:59.9905219-04:00] | BY: SUaDtL@users.noreply.github.com | GATE: H-18 protected CONTEXT.md write | REASON: Task 12 requires a prose-only Pi host vocabulary update; preserve and verify the 34-byte activation frontmatter at SHA-256 519c223415be8cd907ca2d696f56314996b8aa46170d029ff6bbbef2fe7b8bcd before and after the immediate edit
[2026-07-16T17:11:47.8577605-04:00] | BY: SUaDtL@users.noreply.github.com | GATE: H-05 audit-log line-ending repair | REASON: the immediately prior H-18 override append used PowerShell CRLF in this LF-only change; remove only its terminal carriage-return byte so git diff --check passes while preserving every audit character and record
